  Moc'ing qCheckOutputVPage.h...
  Moc'ing qFailSafeWin.h...
  Moc'ing qAIConsumerThread.h...
  main.cpp
  qAIConsumerThread.cpp
  qAIProducerThread.cpp
  qCheckOutputVPage.cpp
  qCheckUSImpedancePage.cpp
  qFailSafeWin.cpp
  qFailSafeWizard.cpp
  qSanityChkDlg.cpp
  qTestFailSafePage.cpp
  qUSIntensityPlot.cpp
  qrc_failSafeC.cpp
  moc_qFailSafeWizard.cpp
  moc_qCheckUSImpedancePage.cpp
  moc_qUSIntensityPlot.cpp
  moc_qDOWriteThread.cpp
  moc_qAIProducerThread.cpp
  moc_qV2IntensityDlg.cpp
  moc_qSigGenThread.cpp
  moc_qTestFailSafePage.cpp
  moc_qLEDs.cpp
  moc_qIntroPage.cpp
  moc_qContAcqAITrigThread.cpp
  moc_qManualCheckPage.cpp
  moc_qSanityChkDlg.cpp
  moc_qCheckOutputVPage.cpp
  moc_qFailSafeWin.cpp
  moc_qAIConsumerThread.cpp
  failSafeC.vcxproj -> C:\Users\unm\Documents\GitHub\caCode\src\failSafeC\Win32\Release\failSafeC.exe
