c:\users\unm\documents\github\cacode\src\failsafec\release\main.obj
c:\users\unm\documents\github\cacode\src\failsafec\release\qleds.obj
c:\users\unm\documents\github\cacode\src\failsafec\release\qcheckusimpedancepage.obj
c:\users\unm\documents\github\cacode\src\failsafec\release\qintropage.obj
c:\users\unm\documents\github\cacode\src\failsafec\release\qsiggenthread.obj
c:\users\unm\documents\github\cacode\src\failsafec\release\qaicircularbuff.obj
c:\users\unm\documents\github\cacode\src\failsafec\release\qcontacqaitrigthread.obj
c:\users\unm\documents\github\cacode\src\failsafec\release\qfailsafewizard.obj
c:\users\unm\documents\github\cacode\src\failsafec\release\qaiconsumerthread.obj
c:\users\unm\documents\github\cacode\src\failsafec\release\qdowritethread.obj
c:\users\unm\documents\github\cacode\src\failsafec\release\qmanualcheckpage.obj
c:\users\unm\documents\github\cacode\src\failsafec\release\qusintensityplot.obj
c:\users\unm\documents\github\cacode\src\failsafec\release\qaiproducerthread.obj
c:\users\unm\documents\github\cacode\src\failsafec\release\qfailsafewin.obj
c:\users\unm\documents\github\cacode\src\failsafec\release\qcheckoutputvpage.obj
c:\users\unm\documents\github\cacode\src\failsafec\release\qoscilloscope.obj
c:\users\unm\documents\github\cacode\src\failsafec\release\qv2intensitydlg.obj
c:\users\unm\documents\github\cacode\src\failsafec\release\qsanitychkdlg.obj
c:\users\unm\documents\github\cacode\src\failsafec\release\qtestfailsafepage.obj
c:\users\unm\documents\github\cacode\src\failsafec\release\moc_qcheckusimpedancepage.obj
c:\users\unm\documents\github\cacode\src\failsafec\release\moc_qcheckusimpedancepage.asm
c:\users\unm\documents\github\cacode\src\failsafec\release\moc_qtestfailsafepage.obj
c:\users\unm\documents\github\cacode\src\failsafec\release\moc_qtestfailsafepage.asm
c:\users\unm\documents\github\cacode\src\failsafec\release\moc_qaiconsumerthread.obj
c:\users\unm\documents\github\cacode\src\failsafec\release\moc_qaiconsumerthread.asm
c:\users\unm\documents\github\cacode\src\failsafec\release\moc_qcheckoutputvpage.obj
c:\users\unm\documents\github\cacode\src\failsafec\release\moc_qcheckoutputvpage.asm
c:\users\unm\documents\github\cacode\src\failsafec\release\moc_qintropage.obj
c:\users\unm\documents\github\cacode\src\failsafec\release\moc_qintropage.asm
c:\users\unm\documents\github\cacode\src\failsafec\release\moc_qfailsafewizard.obj
c:\users\unm\documents\github\cacode\src\failsafec\release\moc_qfailsafewizard.asm
c:\users\unm\documents\github\cacode\src\failsafec\release\moc_qcontacqaitrigthread.obj
c:\users\unm\documents\github\cacode\src\failsafec\release\moc_qcontacqaitrigthread.asm
c:\users\unm\documents\github\cacode\src\failsafec\release\qrc_failsafec.obj
c:\users\unm\documents\github\cacode\src\failsafec\release\qrc_failsafec.asm
c:\users\unm\documents\github\cacode\src\failsafec\release\moc_qaiproducerthread.obj
c:\users\unm\documents\github\cacode\src\failsafec\release\moc_qaiproducerthread.asm
c:\users\unm\documents\github\cacode\src\failsafec\release\moc_qleds.obj
c:\users\unm\documents\github\cacode\src\failsafec\release\moc_qleds.asm
c:\users\unm\documents\github\cacode\src\failsafec\release\moc_qsanitychkdlg.obj
c:\users\unm\documents\github\cacode\src\failsafec\release\moc_qsanitychkdlg.asm
c:\users\unm\documents\github\cacode\src\failsafec\release\moc_qdowritethread.obj
c:\users\unm\documents\github\cacode\src\failsafec\release\moc_qdowritethread.asm
c:\users\unm\documents\github\cacode\src\failsafec\release\moc_qv2intensitydlg.obj
c:\users\unm\documents\github\cacode\src\failsafec\release\moc_qv2intensitydlg.asm
c:\users\unm\documents\github\cacode\src\failsafec\release\moc_qmanualcheckpage.obj
c:\users\unm\documents\github\cacode\src\failsafec\release\moc_qmanualcheckpage.asm
c:\users\unm\documents\github\cacode\src\failsafec\release\moc_qusintensityplot.obj
c:\users\unm\documents\github\cacode\src\failsafec\release\moc_qusintensityplot.asm
c:\users\unm\documents\github\cacode\src\failsafec\release\moc_qsiggenthread.obj
c:\users\unm\documents\github\cacode\src\failsafec\release\moc_qsiggenthread.asm
c:\users\unm\documents\github\cacode\src\failsafec\release\moc_qfailsafewin.obj
c:\users\unm\documents\github\cacode\src\failsafec\release\moc_qfailsafewin.asm
c:\users\unm\documents\github\cacode\src\failsafec\generatedfiles\ui_qcheckoutputvpage.h
c:\users\unm\documents\github\cacode\src\failsafec\generatedfiles\ui_qcheckusimpedancepage.h
c:\users\unm\documents\github\cacode\src\failsafec\generatedfiles\ui_qfailsafewin.h
c:\users\unm\documents\github\cacode\src\failsafec\generatedfiles\ui_qintropage.h
c:\users\unm\documents\github\cacode\src\failsafec\generatedfiles\ui_qmanualcheckpage.h
c:\users\unm\documents\github\cacode\src\failsafec\generatedfiles\ui_qsanitychkdlg.h
c:\users\unm\documents\github\cacode\src\failsafec\generatedfiles\ui_qtestfailsafepage.h
c:\users\unm\documents\github\cacode\src\failsafec\generatedfiles\ui_qv2intensitydlg.h
c:\users\unm\documents\github\cacode\src\failsafec\generatedfiles\qrc_failsafec.cpp
c:\users\unm\documents\github\cacode\src\failsafec\generatedfiles\release\moc_qfailsafewizard.cpp
c:\users\unm\documents\github\cacode\src\failsafec\generatedfiles\release\moc_qcheckusimpedancepage.cpp
c:\users\unm\documents\github\cacode\src\failsafec\generatedfiles\release\moc_qcheckoutputvpage.cpp
c:\users\unm\documents\github\cacode\src\failsafec\generatedfiles\release\moc_qusintensityplot.cpp
c:\users\unm\documents\github\cacode\src\failsafec\generatedfiles\release\moc_qdowritethread.cpp
c:\users\unm\documents\github\cacode\src\failsafec\generatedfiles\release\moc_qaiproducerthread.cpp
c:\users\unm\documents\github\cacode\src\failsafec\generatedfiles\release\moc_qv2intensitydlg.cpp
c:\users\unm\documents\github\cacode\src\failsafec\generatedfiles\release\moc_qsiggenthread.cpp
c:\users\unm\documents\github\cacode\src\failsafec\generatedfiles\release\moc_qtestfailsafepage.cpp
c:\users\unm\documents\github\cacode\src\failsafec\generatedfiles\release\moc_qleds.cpp
c:\users\unm\documents\github\cacode\src\failsafec\generatedfiles\release\moc_qintropage.cpp
c:\users\unm\documents\github\cacode\src\failsafec\generatedfiles\release\moc_qcontacqaitrigthread.cpp
c:\users\unm\documents\github\cacode\src\failsafec\generatedfiles\release\moc_qmanualcheckpage.cpp
c:\users\unm\documents\github\cacode\src\failsafec\generatedfiles\release\moc_qsanitychkdlg.cpp
c:\users\unm\documents\github\cacode\src\failsafec\generatedfiles\release\moc_qoscilloscope.cpp
c:\users\unm\documents\github\cacode\src\failsafec\generatedfiles\release\moc_qfailsafewin.cpp
c:\users\unm\documents\github\cacode\src\failsafec\generatedfiles\release\moc_qaiconsumerthread.cpp
c:\users\unm\documents\github\cacode\src\failsafec\.\generatedfiles\release\moc_qfailsafewizard.cpp
c:\users\unm\documents\github\cacode\src\failsafec\.\generatedfiles\release\moc_qcheckusimpedancepage.cpp
c:\users\unm\documents\github\cacode\src\failsafec\.\generatedfiles\release\moc_qcheckoutputvpage.cpp
c:\users\unm\documents\github\cacode\src\failsafec\.\generatedfiles\release\moc_qusintensityplot.cpp
c:\users\unm\documents\github\cacode\src\failsafec\.\generatedfiles\release\moc_qdowritethread.cpp
c:\users\unm\documents\github\cacode\src\failsafec\.\generatedfiles\release\moc_qaiproducerthread.cpp
c:\users\unm\documents\github\cacode\src\failsafec\.\generatedfiles\release\moc_qv2intensitydlg.cpp
c:\users\unm\documents\github\cacode\src\failsafec\.\generatedfiles\release\moc_qsiggenthread.cpp
c:\users\unm\documents\github\cacode\src\failsafec\.\generatedfiles\release\moc_qtestfailsafepage.cpp
c:\users\unm\documents\github\cacode\src\failsafec\.\generatedfiles\release\moc_qleds.cpp
c:\users\unm\documents\github\cacode\src\failsafec\.\generatedfiles\release\moc_qintropage.cpp
c:\users\unm\documents\github\cacode\src\failsafec\.\generatedfiles\release\moc_qcontacqaitrigthread.cpp
c:\users\unm\documents\github\cacode\src\failsafec\.\generatedfiles\release\moc_qmanualcheckpage.cpp
c:\users\unm\documents\github\cacode\src\failsafec\.\generatedfiles\release\moc_qfailsafewin.cpp
c:\users\unm\documents\github\cacode\src\failsafec\.\generatedfiles\release\moc_qaiconsumerthread.cpp
c:\users\unm\documents\github\cacode\src\failsafec\.\generatedfiles\release\moc_qsanitychkdlg.cpp
c:\users\unm\documents\github\cacode\src\failsafec\.\generatedfiles\qrc_failsafec.cpp
c:\users\unm\documents\github\cacode\src\failsafec\.\generatedfiles\ui_qcheckoutputvpage.h
c:\users\unm\documents\github\cacode\src\failsafec\.\generatedfiles\ui_qcheckusimpedancepage.h
c:\users\unm\documents\github\cacode\src\failsafec\.\generatedfiles\ui_qfailsafewin.h
c:\users\unm\documents\github\cacode\src\failsafec\.\generatedfiles\ui_qintropage.h
c:\users\unm\documents\github\cacode\src\failsafec\.\generatedfiles\ui_qmanualcheckpage.h
c:\users\unm\documents\github\cacode\src\failsafec\.\generatedfiles\ui_qsanitychkdlg.h
c:\users\unm\documents\github\cacode\src\failsafec\.\generatedfiles\ui_qtestfailsafepage.h
c:\users\unm\documents\github\cacode\src\failsafec\.\generatedfiles\ui_qv2intensitydlg.h
c:\users\unm\documents\github\cacode\src\failsafec\release\failsafec.tlog\cl.19664.write.1.tlog
c:\users\unm\documents\github\cacode\src\failsafec\release\failsafec.tlog\cl.command.1.tlog
c:\users\unm\documents\github\cacode\src\failsafec\release\failsafec.tlog\cl.read.1.tlog
c:\users\unm\documents\github\cacode\src\failsafec\release\failsafec.tlog\failsafec.write.1u.tlog
c:\users\unm\documents\github\cacode\src\failsafec\release\failsafec.tlog\link-cvtres.read.1.tlog
c:\users\unm\documents\github\cacode\src\failsafec\release\failsafec.tlog\link-cvtres.write.1.tlog
c:\users\unm\documents\github\cacode\src\failsafec\release\failsafec.tlog\link-rc.read.1.tlog
c:\users\unm\documents\github\cacode\src\failsafec\release\failsafec.tlog\link-rc.write.1.tlog
c:\users\unm\documents\github\cacode\src\failsafec\release\failsafec.tlog\link.command.1.tlog
c:\users\unm\documents\github\cacode\src\failsafec\release\failsafec.tlog\link.read.1.tlog
c:\users\unm\documents\github\cacode\src\failsafec\release\failsafec.tlog\link.write.1.tlog
c:\users\unm\documents\github\cacode\src\failsafec\release\failsafec.tlog\moc.read.1u.tlog
c:\users\unm\documents\github\cacode\src\failsafec\release\failsafec.tlog\moc.write.1u.tlog
c:\users\unm\documents\github\cacode\src\failsafec\release\failsafec.tlog\rcc.read.1u.tlog
c:\users\unm\documents\github\cacode\src\failsafec\release\failsafec.tlog\rcc.write.1u.tlog
c:\users\unm\documents\github\cacode\src\failsafec\release\failsafec.tlog\uic.read.1u.tlog
c:\users\unm\documents\github\cacode\src\failsafec\release\failsafec.tlog\uic.write.1u.tlog
