c:\users\unm\documents\github\cacode\src\failsafec\debug\qrc_failsafec.obj
c:\users\unm\documents\github\cacode\src\failsafec\generatedfiles\ui_qcheckoutputvpage.h
c:\users\unm\documents\github\cacode\src\failsafec\generatedfiles\ui_qcheckusimpedancepage.h
c:\users\unm\documents\github\cacode\src\failsafec\generatedfiles\ui_qdaqctlwidget.h
c:\users\unm\documents\github\cacode\src\failsafec\generatedfiles\ui_qfailsafewin.h
c:\users\unm\documents\github\cacode\src\failsafec\generatedfiles\qrc_failsafec.cpp
c:\users\unm\documents\github\cacode\src\failsafec\generatedfiles\debug\moc_qfailsafewizard.cpp
c:\users\unm\documents\github\cacode\src\failsafec\generatedfiles\debug\moc_qcheckusimpedancepage.cpp
c:\users\unm\documents\github\cacode\src\failsafec\generatedfiles\debug\moc_qcheckoutputvpage.cpp
c:\users\unm\documents\github\cacode\src\failsafec\generatedfiles\debug\moc_qdaqdialog.cpp
c:\users\unm\documents\github\cacode\src\failsafec\generatedfiles\debug\moc_qaiplot.cpp
c:\users\unm\documents\github\cacode\src\failsafec\generatedfiles\debug\moc_qdaqctlwidget.cpp
c:\users\unm\documents\github\cacode\src\failsafec\generatedfiles\debug\moc_qusintensityplot.cpp
c:\users\unm\documents\github\cacode\src\failsafec\generatedfiles\debug\moc_qdowritethread.cpp
c:\users\unm\documents\github\cacode\src\failsafec\generatedfiles\debug\moc_qaiproducerthread.cpp
c:\users\unm\documents\github\cacode\src\failsafec\generatedfiles\debug\moc_qoscilloscope.cpp
c:\users\unm\documents\github\cacode\src\failsafec\generatedfiles\debug\moc_qfailsafewin.cpp
c:\users\unm\documents\github\cacode\src\failsafec\generatedfiles\debug\moc_qaiconsumerthread.cpp
c:\users\unm\documents\github\cacode\src\failsafec\.\generatedfiles\debug\moc_qfailsafewizard.cpp
c:\users\unm\documents\github\cacode\src\failsafec\.\generatedfiles\debug\moc_qcheckusimpedancepage.cpp
c:\users\unm\documents\github\cacode\src\failsafec\.\generatedfiles\debug\moc_qcheckoutputvpage.cpp
c:\users\unm\documents\github\cacode\src\failsafec\.\generatedfiles\debug\moc_qdaqdialog.cpp
c:\users\unm\documents\github\cacode\src\failsafec\.\generatedfiles\debug\moc_qaiplot.cpp
c:\users\unm\documents\github\cacode\src\failsafec\.\generatedfiles\debug\moc_qdaqctlwidget.cpp
c:\users\unm\documents\github\cacode\src\failsafec\.\generatedfiles\debug\moc_qusintensityplot.cpp
c:\users\unm\documents\github\cacode\src\failsafec\.\generatedfiles\debug\moc_qdowritethread.cpp
c:\users\unm\documents\github\cacode\src\failsafec\.\generatedfiles\debug\moc_qaiproducerthread.cpp
c:\users\unm\documents\github\cacode\src\failsafec\.\generatedfiles\debug\moc_qoscilloscope.cpp
c:\users\unm\documents\github\cacode\src\failsafec\.\generatedfiles\debug\moc_qfailsafewin.cpp
c:\users\unm\documents\github\cacode\src\failsafec\.\generatedfiles\debug\moc_qaiconsumerthread.cpp
c:\users\unm\documents\github\cacode\src\failsafec\.\generatedfiles\qrc_failsafec.cpp
c:\users\unm\documents\github\cacode\src\failsafec\.\generatedfiles\ui_qcheckoutputvpage.h
c:\users\unm\documents\github\cacode\src\failsafec\.\generatedfiles\ui_qcheckusimpedancepage.h
c:\users\unm\documents\github\cacode\src\failsafec\.\generatedfiles\ui_qdaqctlwidget.h
c:\users\unm\documents\github\cacode\src\failsafec\.\generatedfiles\ui_qfailsafewin.h
c:\users\unm\documents\github\cacode\src\failsafec\debug\vc141.pdb
c:\users\unm\documents\github\cacode\src\failsafec\debug\failsafec.tlog\cl.11188.write.1.tlog
c:\users\unm\documents\github\cacode\src\failsafec\debug\failsafec.tlog\cl.command.1.tlog
c:\users\unm\documents\github\cacode\src\failsafec\debug\failsafec.tlog\cl.read.1.tlog
c:\users\unm\documents\github\cacode\src\failsafec\debug\failsafec.tlog\failsafec.write.1u.tlog
c:\users\unm\documents\github\cacode\src\failsafec\debug\failsafec.tlog\moc.read.1u.tlog
c:\users\unm\documents\github\cacode\src\failsafec\debug\failsafec.tlog\moc.write.1u.tlog
c:\users\unm\documents\github\cacode\src\failsafec\debug\failsafec.tlog\rcc.read.1u.tlog
c:\users\unm\documents\github\cacode\src\failsafec\debug\failsafec.tlog\rcc.write.1u.tlog
c:\users\unm\documents\github\cacode\src\failsafec\debug\failsafec.tlog\uic.read.1u.tlog
c:\users\unm\documents\github\cacode\src\failsafec\debug\failsafec.tlog\uic.write.1u.tlog
